2024-10-27 16:20:34.855 INFO  personal.zx.myocean.interceptor.LoginInterceptor  :30   [32m                  [0;39m ------------- LoginInterceptor å¼€å§‹ -------------
2024-10-27 16:20:34.892 INFO  personal.zx.myocean.interceptor.LoginInterceptor  :65   [32m                  [0;39m ------------- LoginInterceptor ç»“æŸ è€—æ—¶ï¼š4 ms -------------
2024-10-27 16:20:34.908 INFO  personal.zx.myocean.interceptor.LoginInterceptor  :30   [32m                  [0;39m ------------- LoginInterceptor å¼€å§‹ -------------
2024-10-27 16:20:34.909 INFO  personal.zx.myocean.interceptor.LoginInterceptor  :41   [32m                  [0;39m æŽ¥å£ç™»å½•æ‹¦æˆªï¼šï¼Œpathï¼šhttp://localhost:8888/user/logout/505362098310746112
2024-10-27 16:20:34.909 INFO  personal.zx.myocean.interceptor.LoginInterceptor  :45   [32m                  [0;39m ç™»å½•æ ¡éªŒå¼€å§‹ï¼Œtokenï¼š505362098310746112
2024-10-27 16:20:34.948 INFO  personal.zx.myocean.interceptor.LoginInterceptor  :57   [32m                  [0;39m å·²ç™»å½•ï¼š{"id":1,"loginName":"test","name":"æµ‹è¯•","token":"505362098310746112"}
2024-10-27 16:20:34.956 INFO  personal.zx.myocean.aspect.LogAspect              :50   [32m                  [0;39m ------------- å¼€å§‹ -------------
2024-10-27 16:20:34.959 INFO  personal.zx.myocean.aspect.LogAspect              :51   [32m                  [0;39m è¯·æ±‚åœ°å€: http://localhost:8888/user/logout/505362098310746112 GET
2024-10-27 16:20:34.960 INFO  personal.zx.myocean.aspect.LogAspect              :52   [32m                  [0;39m ç±»åæ–¹æ³•: personal.zx.myocean.controller.UserController.logout
2024-10-27 16:20:34.960 INFO  personal.zx.myocean.aspect.LogAspect              :53   [32m                  [0;39m è¿œç¨‹åœ°å€: 0:0:0:0:0:0:0:1
2024-10-27 16:20:34.960 INFO  personal.zx.myocean.aspect.LogAspect              :73   [32m                  [0;39m è¯·æ±‚å‚æ•°: ["505362098310746112"]
2024-10-27 16:20:34.965 INFO  personal.zx.myocean.controller.UserController     :102  [32m                  [0;39m ä»Žredisä¸­åˆ é™¤token: 505362098310746112
2024-10-27 16:20:34.966 INFO  personal.zx.myocean.aspect.LogAspect              :87   [32m                  [0;39m è¿”å›žç»“æžœ: {"success":true}
2024-10-27 16:20:34.966 INFO  personal.zx.myocean.aspect.LogAspect              :88   [32m                  [0;39m ------------- ç»“æŸ è€—æ—¶ï¼š10 ms -------------
2024-10-27 16:20:34.974 INFO  personal.zx.myocean.interceptor.LoginInterceptor  :65   [32m                  [0;39m ------------- LoginInterceptor ç»“æŸ è€—æ—¶ï¼š66 ms -------------
2024-10-27 16:20:42.215 INFO  personal.zx.myocean.aspect.LogAspect              :50   [32m                  [0;39m ------------- å¼€å§‹ -------------
2024-10-27 16:20:42.225 INFO  personal.zx.myocean.aspect.LogAspect              :51   [32m                  [0;39m è¯·æ±‚åœ°å€: http://localhost:8888/category/all GET
2024-10-27 16:20:42.225 INFO  personal.zx.myocean.aspect.LogAspect              :52   [32m                  [0;39m ç±»åæ–¹æ³•: personal.zx.myocean.controller.CategoryController.all
2024-10-27 16:20:42.226 INFO  personal.zx.myocean.aspect.LogAspect              :53   [32m                  [0;39m è¿œç¨‹åœ°å€: 0:0:0:0:0:0:0:1
2024-10-27 16:20:42.227 INFO  personal.zx.myocean.aspect.LogAspect              :73   [32m                  [0;39m è¯·æ±‚å‚æ•°: []
2024-10-27 16:20:42.280 DEBUG p.zx.myocean.mapper.CategoryMapper.selectList     :137  [32m                  [0;39m ==>  Preparing: SELECT id,parent,name,sort FROM category ORDER BY sort ASC
2024-10-27 16:20:42.297 DEBUG p.zx.myocean.mapper.CategoryMapper.selectList     :137  [32m                  [0;39m ==> Parameters: 
2024-10-27 16:20:42.356 TRACE p.zx.myocean.mapper.CategoryMapper.selectList     :143  [32m                  [0;39m <==    Columns: id, parent, name, sort
2024-10-27 16:20:42.358 TRACE p.zx.myocean.mapper.CategoryMapper.selectList     :143  [32m                  [0;39m <==        Row: 211, 0, æµ·æ´‹åŠ¨ç‰©, 1
2024-10-27 16:20:42.364 TRACE p.zx.myocean.mapper.CategoryMapper.selectList     :143  [32m                  [0;39m <==        Row: 213, 211, æµ·æ´‹æ¸¸æ³³åŠ¨ç‰©, 1
2024-10-27 16:20:42.366 TRACE p.zx.myocean.mapper.CategoryMapper.selectList     :143  [32m                  [0;39m <==        Row: 504935683199209472, 504935615104684032, é±¼é±¼æ€ªç‰©, 1
2024-10-27 16:20:42.367 TRACE p.zx.myocean.mapper.CategoryMapper.selectList     :143  [32m                  [0;39m <==        Row: 100, 0, æµ·æ´‹æ¤ç‰©, 2
2024-10-27 16:20:42.368 TRACE p.zx.myocean.mapper.CategoryMapper.selectList     :143  [32m                  [0;39m <==        Row: 208, 207, test2, 2
2024-10-27 16:20:42.369 TRACE p.zx.myocean.mapper.CategoryMapper.selectList     :143  [32m                  [0;39m <==        Row: 212, 211, æµ·æ´‹æµ®æ¸¸åŠ¨ç‰©, 2
2024-10-27 16:20:42.370 TRACE p.zx.myocean.mapper.CategoryMapper.selectList     :143  [32m                  [0;39m <==        Row: 504935802371969024, 504935615104684032, æ°´æ¯æ€ªç‰©, 2
2024-10-27 16:20:42.370 TRACE p.zx.myocean.mapper.CategoryMapper.selectList     :143  [32m                  [0;39m <==        Row: 200, 0, å¾®ç”Ÿç‰©, 3
2024-10-27 16:20:42.371 TRACE p.zx.myocean.mapper.CategoryMapper.selectList     :143  [32m                  [0;39m <==        Row: 214, 211, æµ·æ´‹åº•æ –åŠ¨ç‰©, 3
2024-10-27 16:20:42.371 TRACE p.zx.myocean.mapper.CategoryMapper.selectList     :143  [32m                  [0;39m <==        Row: 504935615104684032, 0, æµ·åº•å¦–æ€ª, 4
2024-10-27 16:20:42.372 TRACE p.zx.myocean.mapper.CategoryMapper.selectList     :143  [32m                  [0;39m <==        Row: 504484794143477760, 100, æµ·åº•æ€ªç‰©, 100
2024-10-27 16:20:42.373 TRACE p.zx.myocean.mapper.CategoryMapper.selectList     :143  [32m                  [0;39m <==        Row: 101, 100, è—»ç±»æ¤ç‰©, 101
2024-10-27 16:20:42.374 TRACE p.zx.myocean.mapper.CategoryMapper.selectList     :143  [32m                  [0;39m <==        Row: 102, 100, çº¢æ ‘æž—, 102
2024-10-27 16:20:42.374 TRACE p.zx.myocean.mapper.CategoryMapper.selectList     :143  [32m                  [0;39m <==        Row: 201, 200, åœ°ä¸‹å¾®ç”Ÿç‰©, 201
2024-10-27 16:20:42.375 TRACE p.zx.myocean.mapper.CategoryMapper.selectList     :143  [32m                  [0;39m <==        Row: 202, 200, æµ·æ´‹å¾®ç”Ÿç‰©, 202
2024-10-27 16:20:42.375 DEBUG p.zx.myocean.mapper.CategoryMapper.selectList     :137  [32m                  [0;39m <==      Total: 15
2024-10-27 16:20:42.382 INFO  personal.zx.myocean.aspect.LogAspect              :87   [32m                  [0;39m è¿”å›žç»“æžœ: {"content":[{"id":211,"name":"æµ·æ´‹åŠ¨ç‰©","parent":0,"sort":1},{"id":213,"name":"æµ·æ´‹æ¸¸æ³³åŠ¨ç‰©","parent":211,"sort":1},{"id":504935683199209472,"name":"é±¼é±¼æ€ªç‰©","parent":504935615104684032,"sort":1},{"id":100,"name":"æµ·æ´‹æ¤ç‰©","parent":0,"sort":2},{"id":208,"name":"test2","parent":207,"sort":2},{"id":212,"name":"æµ·æ´‹æµ®æ¸¸åŠ¨ç‰©","parent":211,"sort":2},{"id":504935802371969024,"name":"æ°´æ¯æ€ªç‰©","parent":504935615104684032,"sort":2},{"id":200,"name":"å¾®ç”Ÿç‰©","parent":0,"sort":3},{"id":214,"name":"æµ·æ´‹åº•æ –åŠ¨ç‰©","parent":211,"sort":3},{"id":504935615104684032,"name":"æµ·åº•å¦–æ€ª","parent":0,"sort":4},{"id":504484794143477760,"name":"æµ·åº•æ€ªç‰©","parent":100,"sort":100},{"id":101,"name":"è—»ç±»æ¤ç‰©","parent":100,"sort":101},{"id":102,"name":"çº¢æ ‘æž—","parent":100,"sort":102},{"id":201,"name":"åœ°ä¸‹å¾®ç”Ÿç‰©","parent":200,"sort":201},{"id":202,"name":"æµ·æ´‹å¾®ç”Ÿç‰©","parent":200,"sort":202}],"message":"æŸ¥è¯¢æˆåŠŸ","success":true}
2024-10-27 16:20:42.385 INFO  personal.zx.myocean.aspect.LogAspect              :88   [32m                  [0;39m ------------- ç»“æŸ è€—æ—¶ï¼š171 ms -------------
2024-10-27 16:21:22.531 INFO  o.s.scheduling.concurrent.ThreadPoolTaskExecutor  :218  [32m                  [0;39m Shutting down ExecutorService 'applicationTaskExecutor'
2024-10-27 16:21:22.540 INFO  com.zaxxer.hikari.HikariDataSource                :350  [32m                  [0;39m HikariPool-1 - Shutdown initiated...
2024-10-27 16:21:22.551 INFO  com.zaxxer.hikari.HikariDataSource                :352  [32m                  [0;39m HikariPool-1 - Shutdown completed.
